2026-02-19 21:16:34.7852|INFO|Microsoft.Oryx.BuildScriptGeneratorCli.CommandBase|Oryx command line: /usr/local/buildscriptgen/GenerateBuildScript.dll build --manifest-dir /workspaces/.oryx --property packagedir=/home/codespace/.local/lib/python3.12/site-packages --property python_version=3.12.1 --log-file /workspaces/.oryx/build.log /workspaces/Backoffice
2026-02-19 21:16:35.2114|DEBUG|Microsoft.Oryx.BuildScriptGenerator.DefaultBuildScriptGenerator|Available checkers: 5
2026-02-19 21:16:35.2162|DEBUG|Microsoft.Oryx.Detector.Node.NodeDetector|Could not find package.json/package-lock.json/yarn.lock in repo
2026-02-19 21:16:35.2170|DEBUG|Microsoft.Oryx.Detector.Node.NodeDetector|Could not find typical Node.js files in repo
2026-02-19 21:16:35.2170|DEBUG|Microsoft.Oryx.Detector.Node.NodeDetector|App in repo is not a NodeJS app
2026-02-19 21:16:35.4295|ERROR|Microsoft.Oryx.Detector.Python.PythonDetector|Cound not find 726571756972656d656e74732e747874 at the root of the repo. More information: https://aka.ms/requirements-not-found
2026-02-19 21:16:35.4300|ERROR|Microsoft.Oryx.Detector.Python.PythonDetector|Missing setup.py at the root of the repo. More information: https://aka.ms/requirements-not-found
2026-02-19 21:16:35.4318|ERROR|Microsoft.Oryx.Detector.Python.PythonDetector|Missing setup.py at the root of the repo. More information: https://aka.ms/requirements-not-found
2026-02-19 21:16:35.4318|ERROR|Microsoft.Oryx.Detector.Python.PythonDetector|Missing uv.lock at the root of the repo. More information: https://aka.ms/requirements-not-found
2026-02-19 21:16:35.4335|DEBUG|Microsoft.Oryx.Detector.Python.PythonDetector|Could not find file 'runtime.txt' in source repo
2026-02-19 21:16:35.4367|INFO|Microsoft.Oryx.Detector.Python.PythonDetector|Could not find any file with extension '*.py' in the repo.
2026-02-19 21:16:35.4409|DEBUG|Microsoft.Oryx.Detector.DotNetCore.ExplicitProjectFileProvider|No request to build a particular project file explicitly using the PROJECT environment variable
2026-02-19 21:16:35.4452|DEBUG|Microsoft.Oryx.Detector.DotNetCore.ProbeAndFindProjectFileProvider|Could not find any files with extension 'csproj' in repo.
2026-02-19 21:16:35.4452|DEBUG|Microsoft.Oryx.Detector.DotNetCore.ProbeAndFindProjectFileProvider|Could not find any files with extension 'fsproj' in repo.
2026-02-19 21:16:35.4462|DEBUG|Microsoft.Oryx.Detector.Php.PhpDetector|File 'composer.json' does not exist in source repo
2026-02-19 21:16:35.4462|INFO|Microsoft.Oryx.Detector.Php.PhpDetector|Could not find any file with extension '*.php' in the repo.
2026-02-19 21:16:35.4496|DEBUG|Microsoft.Oryx.Detector.Ruby.RubyDetector|Could not find Gemfile in repo
2026-02-19 21:16:35.4496|DEBUG|Microsoft.Oryx.Detector.Ruby.RubyDetector|Could not find typical Ruby files in repo
2026-02-19 21:16:35.4496|DEBUG|Microsoft.Oryx.Detector.Ruby.RubyDetector|App in repo is not a Ruby app
2026-02-19 21:16:35.4502|ERROR|Microsoft.Oryx.Detector.Golang.GolangDetector|Could not find go.mod in repo
2026-02-19 21:16:35.4528|DEBUG|Microsoft.Oryx.Detector.Java.JavaDetector|Could not find any files with the following extensions in the repo: java, jsp
2026-02-19 21:16:35.4587|DEBUG|Microsoft.Oryx.BuildScriptGenerator.DefaultCompatiblePlatformDetector|Detecting platform using 'nodejs'...
2026-02-19 21:16:35.4629|ERROR|Microsoft.Oryx.BuildScriptGenerator.DefaultCompatiblePlatformDetector|Platform 'nodejs' was not detected in the given repository.
2026-02-19 21:16:35.4629|DEBUG|Microsoft.Oryx.BuildScriptGenerator.DefaultCompatiblePlatformDetector|Detecting platform using 'hugo'...
2026-02-19 21:16:35.4629|ERROR|Microsoft.Oryx.BuildScriptGenerator.DefaultCompatiblePlatformDetector|Platform 'hugo' was not detected in the given repository.
2026-02-19 21:16:35.4629|DEBUG|Microsoft.Oryx.BuildScriptGenerator.DefaultCompatiblePlatformDetector|Detecting platform using 'python'...
2026-02-19 21:16:35.4629|ERROR|Microsoft.Oryx.BuildScriptGenerator.DefaultCompatiblePlatformDetector|Platform 'python' was not detected in the given repository.
2026-02-19 21:16:35.4629|DEBUG|Microsoft.Oryx.BuildScriptGenerator.DefaultCompatiblePlatformDetector|Detecting platform using 'dotnet'...
2026-02-19 21:16:35.4629|ERROR|Microsoft.Oryx.BuildScriptGenerator.DefaultCompatiblePlatformDetector|Platform 'dotnet' was not detected in the given repository.
2026-02-19 21:16:35.4629|DEBUG|Microsoft.Oryx.BuildScriptGenerator.DefaultCompatiblePlatformDetector|Detecting platform using 'php'...
2026-02-19 21:16:35.4629|ERROR|Microsoft.Oryx.BuildScriptGenerator.DefaultCompatiblePlatformDetector|Platform 'php' was not detected in the given repository.
2026-02-19 21:16:35.4629|DEBUG|Microsoft.Oryx.BuildScriptGenerator.DefaultCompatiblePlatformDetector|Detecting platform using 'ruby'...
2026-02-19 21:16:35.4629|ERROR|Microsoft.Oryx.BuildScriptGenerator.DefaultCompatiblePlatformDetector|Platform 'ruby' was not detected in the given repository.
2026-02-19 21:16:35.4629|DEBUG|Microsoft.Oryx.BuildScriptGenerator.DefaultCompatiblePlatformDetector|Detecting platform using 'golang'...
2026-02-19 21:16:35.4629|ERROR|Microsoft.Oryx.BuildScriptGenerator.DefaultCompatiblePlatformDetector|Platform 'golang' was not detected in the given repository.
2026-02-19 21:16:35.4629|DEBUG|Microsoft.Oryx.BuildScriptGenerator.DefaultCompatiblePlatformDetector|Detecting platform using 'java'...
2026-02-19 21:16:35.4629|ERROR|Microsoft.Oryx.BuildScriptGenerator.DefaultCompatiblePlatformDetector|Platform 'java' was not detected in the given repository.
2026-02-19 21:16:35.4639|DEBUG|Microsoft.Oryx.BuildScriptGenerator.DefaultBuildScriptGenerator|Running checkers
2026-02-19 21:16:35.4656|INFO|Microsoft.Oryx.BuildScriptGenerator.DefaultBuildScriptGenerator|Running 0 applicable checkers for 0 tools: 
2026-02-19 21:16:35.4667|ERROR|Microsoft.Oryx.BuildScriptGeneratorCli.BuildScriptGenerator|Invalid usageMicrosoft.Oryx.BuildScriptGenerator.Exceptions.UnsupportedPlatformException: Could not detect the language from repo.
   at Microsoft.Oryx.BuildScriptGenerator.DefaultBuildScriptGenerator.GenerateBashScript(BuildScriptGeneratorContext context, String& script, List`1 checkerMessageSink) in /opt/tmp/oryx-repo/src/BuildScriptGenerator/DefaultBuildScriptGenerator.cs:line 166
   at Microsoft.Oryx.BuildScriptGeneratorCli.BuildScriptGenerator.TryGenerateScript(String& generatedScript, Exception& exception) in /opt/tmp/oryx-repo/src/BuildScriptGeneratorCli/BuildScriptGenerator.cs:line 63
2026-02-19 21:16:35.4760|DEBUG|Microsoft.Oryx.BuildScriptGeneratorCli.BuildCommand|No checker messages emitted
