
> sharoobi-backoffice@0.1.0 test:e2e
> playwright test

[2m[WebServer] [22mnode:internal/process/promises:394
[2m[WebServer] [22m    triggerUncaughtException(err, true /* fromPromise */);
[2m[WebServer] [22m    ^
[2m[WebServer] [22m
[2m[WebServer] [22m[Failed to load PostCSS config: Failed to load PostCSS config (searchPath: /workspaces/Backoffice): [Error] Loading PostCSS Plugin failed: Cannot find module '@tailwindcss/postcss'
[2m[WebServer] [22mRequire stack:
[2m[WebServer] [22m- /workspaces/Backoffice/postcss.config.cjs
[2m[WebServer] [22m
[2m[WebServer] [22m(@/workspaces/Backoffice/postcss.config.cjs)
[2m[WebServer] [22mError: Loading PostCSS Plugin failed: Cannot find module '@tailwindcss/postcss'
[2m[WebServer] [22mRequire stack:
[2m[WebServer] [22m- /workspaces/Backoffice/postcss.config.cjs
[2m[WebServer] [22m
[2m[WebServer] [22m(@/workspaces/Backoffice/postcss.config.cjs)
[2m[WebServer] [22m    at load (file:///workspaces/Backoffice/node_modules/vite/dist/node/chunks/dep-BK3b2jBa.js:33632:11)
[2m[WebServer] [22m    at file:///workspaces/Backoffice/node_modules/vite/dist/node/chunks/dep-BK3b2jBa.js:33657:16
[2m[WebServer] [22m    at Array.map (<anonymous>)
[2m[WebServer] [22m    at plugins (file:///workspaces/Backoffice/node_modules/vite/dist/node/chunks/dep-BK3b2jBa.js:33656:8)
[2m[WebServer] [22m    at processResult (file:///workspaces/Backoffice/node_modules/vite/dist/node/chunks/dep-BK3b2jBa.js:33726:14)
[2m[WebServer] [22m    at file:///workspaces/Backoffice/node_modules/vite/dist/node/chunks/dep-BK3b2jBa.js:33856:14]
[2m[WebServer] [22m
[2m[WebServer] [22mNode.js v24.11.1
Error: Process from config.webServer was not able to start. Exit code: 1

